<?xml version="1.0" encoding="UTF-8"?>
<testng-results skipped="0" failed="0" total="2" passed="2">
  <reporter-output>
    <line>
      <![CDATA[=====Browser Session Started=====]]>
    </line>
    <line>
      <![CDATA[=====Browser Session End=========]]>
    </line>
  </reporter-output>
  <suite name="ElopSuperAdmin_Automation" duration-ms="71863" started-at="2017-09-22T07:13:25Z" finished-at="2017-09-22T07:14:36Z">
    <groups>
    </groups>
    <test name="ElopSuperAdmin_Automation" duration-ms="71863" started-at="2017-09-22T07:13:25Z" finished-at="2017-09-22T07:14:36Z">
      <class name="com.sa.testscripts.TestSuite">
        <test-method status="PASS" signature="setUp(java.lang.String)[pri:0, instance:com.sa.testscripts.TestSuite@1757cd72]" name="setUp" is-config="true" duration-ms="17593" started-at="2017-09-22T12:43:25Z" finished-at="2017-09-22T12:43:42Z">
          <params>
            <param index="0">
              <value>
                <![CDATA[chrome]]>
              </value>
            </param>
          </params>
          <reporter-output>
            <line>
              <![CDATA[=====Browser Session Started=====]]>
            </line>
          </reporter-output>
        </test-method> <!-- setUp -->
        <test-method status="PASS" signature="Login(com.sa.datainitialization.DataInt)[pri:1, instance:com.sa.testscripts.TestSuite@1757cd72]" name="Login" duration-ms="21240" started-at="2017-09-22T12:43:42Z" description="Login" data-provider="getLogin" finished-at="2017-09-22T12:44:04Z">
          <params>
            <param index="0">
              <value>
                <![CDATA[com.sa.datainitialization.DataInt@180da663]]>
              </value>
            </param>
          </params>
          <reporter-output>
          </reporter-output>
        </test-method> <!-- Login -->
        <test-method status="PASS" signature="SiteCreate(com.sa.datainitialization.DataInt)[pri:4, instance:com.sa.testscripts.TestSuite@1757cd72]" name="SiteCreate" duration-ms="27951" started-at="2017-09-22T12:44:04Z" description="SitesCreate" data-provider="getSite" finished-at="2017-09-22T12:44:31Z">
          <params>
            <param index="0">
              <value>
                <![CDATA[com.sa.datainitialization.DataInt@a43ce46]]>
              </value>
            </param>
          </params>
          <reporter-output>
          </reporter-output>
        </test-method> <!-- SiteCreate -->
        <test-method status="PASS" signature="close()[pri:0, instance:com.sa.testscripts.TestSuite@1757cd72]" name="close" is-config="true" duration-ms="5001" started-at="2017-09-22T12:44:31Z" finished-at="2017-09-22T12:44:36Z">
          <reporter-output>
            <line>
              <![CDATA[=====Browser Session End=========]]>
            </line>
          </reporter-output>
        </test-method> <!-- close -->
      </class> <!-- com.sa.testscripts.TestSuite -->
    </test> <!-- ElopSuperAdmin_Automation -->
  </suite> <!-- ElopSuperAdmin_Automation -->
</testng-results>
